Starting org.bukkit.craftbukkit.Main
*** Warning, you've not updated in a while! ***
*** Please download a new build as per instructions from https://papermc.io/downloads/paper ***
System Info: Java 21 (OpenJDK 64-Bit Server VM 21.0.10+7-Ubuntu-124.04) Host: Linux 6.8.0-90-generic (amd64)
Loading libraries, please wait...
2026-02-04 01:45:50,414 ServerMain WARN Advanced terminal features are not available in this environment
[01:45:53 INFO]: Environment: Environment[sessionHost=https://sessionserver.mojang.com, servicesHost=https://api.minecraftservices.com, name=PROD]
[01:45:54 INFO]: Loaded 1174 recipes
[01:45:54 INFO]: Loaded 1271 advancements
[01:45:54 INFO]: Starting minecraft server version 1.20.4
[01:45:54 INFO]: Loading properties
[01:45:54 INFO]: This server is running Paper version git-Paper-496 (MC: 1.20.4) (Implementing API version 1.20.4-R0.1-SNAPSHOT) (Git: 7ac24a1 on ver/1.20.4)
[01:45:54 INFO]: Server Ping Player Sample Count: 12
[01:45:54 INFO]: Using 4 threads for Netty based IO
[01:45:54 WARN]: [!] The timings profiler has been enabled but has been scheduled for removal from Paper in the future.
    We recommend installing the spark profiler as a replacement: https://spark.lucko.me/
    For more information please visit: https://github.com/PaperMC/Paper/issues/8948
[01:45:54 INFO]: [ChunkTaskScheduler] Chunk system is using 1 I/O threads, 4 worker threads, and gen parallelism of 4 threads
[01:45:55 INFO]: Default game type: SURVIVAL
[01:45:55 INFO]: Generating keypair
[01:45:55 INFO]: Starting Minecraft server on *:25565
[01:45:55 INFO]: Using epoll channel type
[01:45:55 INFO]: Paper: Using libdeflate (Linux x86_64) compression from Velocity.
[01:45:55 INFO]: Paper: Using OpenSSL 3.0.x (Linux x86_64) cipher from Velocity.
[01:45:55 INFO]: [Skript] Loading server plugin Skript v2.8.5
[01:45:55 INFO]: Server permissions file permissions.yml is empty, ignoring it
[01:45:55 WARN]: **** SERVER IS RUNNING IN OFFLINE/INSECURE MODE!
[01:45:55 WARN]: The server will make no attempt to authenticate usernames. Beware.
[01:45:55 WARN]: While this makes the game possible to play without internet access, it also opens up the ability for hackers to connect with any username they choose.
[01:45:55 WARN]: To change this, set "online-mode" to "true" in the server.properties file.
[01:45:55 INFO]: Preparing level "world"
[01:45:55 INFO]: Preparing start region for dimension minecraft:overworld
[01:45:56 INFO]: Time elapsed: 757 ms
[01:45:56 INFO]: Preparing start region for dimension minecraft:the_nether
[01:45:56 INFO]: Time elapsed: 19 ms
[01:45:56 INFO]: Preparing start region for dimension minecraft:the_end
[01:45:56 INFO]: Time elapsed: 22 ms
[01:45:56 INFO]: [Skript] Enabling Skript v2.8.5
[01:45:56 INFO]: [38;5;7m[[38;5;3mSkript[38;5;7m] [0mA new version of Skript is available: [38;5;3m2.14.1[0m (you're currently running [38;5;3m2.8.5[0m)
[01:45:56 INFO]: [38;5;15mDownload it at: <aqua><u><link:https://github.com/SkriptLang/Skript/releases/download/2.14.1/Skript-2.14.1.jar>https://github.com/SkriptLang/Skript/releases/download/2.14.1/Skript-2.14.1.jar[0m
[01:46:00 INFO]: [Skript] Loaded 233032 aliases in 3764ms
[01:46:00 INFO]: [Skript]  ~ created by & © Peter Güttinger aka Njol ~
[01:46:00 INFO]: Running delayed init tasks
[01:46:00 INFO]: [Skript] Loading variables...
[01:46:00 INFO]: [Skript] Loaded 0 variables in 0.0 seconds
[01:46:00 INFO]: [Skript] All scripts loaded without errors.
[01:46:00 INFO]: [Skript] Loaded 1 script with a total of 1 structure in 0.04 seconds
[01:46:00 INFO]: [Skript] Finished loading.
[01:46:00 INFO]: Done (6.529s)! For help, type "help"
[01:46:00 INFO]: Timings Reset
[12:48:27 INFO]: Stopping server
[12:48:27 INFO]: [Skript] Disabling Skript v2.8.5
[12:48:27 INFO]: Saving players
[12:48:27 INFO]: Saving worlds
[12:48:27 INFO]: Saving chunks for level 'ServerLevel[world]'/minecraft:overworld
[12:48:27 INFO]: [ChunkHolderManager] Waiting 60s for chunk system to halt for world 'world'
[12:48:27 INFO]: [ChunkHolderManager] Halted chunk system for world 'world'
[12:48:27 INFO]: [ChunkHolderManager] Saving all chunkholders for world 'world'
[12:48:27 INFO]: [ChunkHolderManager] Saved 1 block chunks, 79 entity chunks, 0 poi chunks in world 'world' in 0.01s
[12:48:27 INFO]: ThreadedAnvilChunkStorage (world): All chunks are saved
[12:48:27 INFO]: Saving chunks for level 'ServerLevel[world_nether]'/minecraft:the_nether
[12:48:27 INFO]: [ChunkHolderManager] Waiting 60s for chunk system to halt for world 'world_nether'
[12:48:27 INFO]: [ChunkHolderManager] Halted chunk system for world 'world_nether'
[12:48:27 INFO]: [ChunkHolderManager] Saving all chunkholders for world 'world_nether'
[12:48:27 INFO]: [ChunkHolderManager] Saved 0 block chunks, 15 entity chunks, 0 poi chunks in world 'world_nether' in 0.00s
[12:48:27 INFO]: ThreadedAnvilChunkStorage (DIM-1): All chunks are saved
[12:48:27 INFO]: Saving chunks for level 'ServerLevel[world_the_end]'/minecraft:the_end
[12:48:27 INFO]: [ChunkHolderManager] Waiting 60s for chunk system to halt for world 'world_the_end'
[12:48:27 INFO]: [ChunkHolderManager] Halted chunk system for world 'world_the_end'
[12:48:27 INFO]: [ChunkHolderManager] Saving all chunkholders for world 'world_the_end'
[12:48:27 INFO]: [ChunkHolderManager] Saved 0 block chunks, 10 entity chunks, 0 poi chunks in world 'world_the_end' in 0.00s
[12:48:27 INFO]: ThreadedAnvilChunkStorage (DIM1): All chunks are saved
[12:48:27 INFO]: ThreadedAnvilChunkStorage: All dimensions are saved
[12:48:27 INFO]: Flushing Chunk IO
[12:48:27 INFO]: Closing Thread Pool
2026-02-04 12:48:27,984 Log4j2-AsyncAppenderEventDispatcher-1-Async WARN Advanced terminal features are not available in this environment
[12:48:27 INFO]: Closing Server
